[2025-05-14 08:59:32.563224] ğŸš€ Starting Super NARI full feature test suite...
[2025-05-14 08:59:32.563224] ğŸ” Testing SmartDashboard /agent/run...
[2025-05-14 08:59:53.174719] âœ… SmartDashboard /agent/run passed
[2025-05-14 08:59:53.191401] ğŸ” Testing ASI /asi/generate-features...
[2025-05-14 08:59:55.234538] âŒ ASI /asi/generate-features failed: ASI /asi/generate-features failed with status 404
[2025-05-14 08:59:55.234538] Traceback (most recent call last):
  File "C:\newnari\main\super_nari_full_test_suite.py", line 22, in test_feature
    assert res.status_code == 200, f"{name} failed with status {res.status_code}"
AssertionError: ASI /asi/generate-features failed with status 404

[2025-05-14 08:59:55.234538] ğŸ” Testing New Project /agent/run...
[2025-05-14 09:00:12.202820] âœ… New Project /agent/run passed
[2025-05-14 09:00:12.202820] ğŸ” Testing Super Agent /agent/run-script...
[2025-05-14 09:00:14.243794] âŒ Super Agent /agent/run-script failed: Super Agent /agent/run-script failed with status 404
[2025-05-14 09:00:14.243794] Traceback (most recent call last):
  File "C:\newnari\main\super_nari_full_test_suite.py", line 22, in test_feature
    assert res.status_code == 200, f"{name} failed with status {res.status_code}"
AssertionError: Super Agent /agent/run-script failed with status 404

[2025-05-14 09:00:14.243794] ğŸ” Testing Memory Save /memory/save...
[2025-05-14 09:00:16.307500] âœ… Memory Save /memory/save passed
[2025-05-14 09:00:16.307500] ğŸ” Testing Memory Fetch /memory/memory_test...
[2025-05-14 09:00:18.358101] âœ… Memory Fetch /memory/memory_test passed
[2025-05-14 09:00:18.358101] ğŸ” Testing Deploy /agent/export...
[2025-05-14 09:00:20.412779] âŒ Deploy /agent/export failed: Deploy /agent/export failed with status 404
[2025-05-14 09:00:20.415014] Traceback (most recent call last):
  File "C:\newnari\main\super_nari_full_test_suite.py", line 22, in test_feature
    assert res.status_code == 200, f"{name} failed with status {res.status_code}"
AssertionError: Deploy /agent/export failed with status 404

[2025-05-14 09:00:20.415014] âœ… Build Tab uses same backend as /agent/run â€” already tested.
[2025-05-14 09:00:20.415014] âœ… Manage Tab is frontend-only â€” review tested via UI.
[2025-05-14 09:00:20.415014] ğŸ All tests complete.
[2025-05-14 09:08:12.289918] ğŸš€ Starting Super NARI full feature test suite...
[2025-05-14 09:08:12.289918] ğŸ” Testing SmartDashboard /agent/run...
[2025-05-14 09:08:29.707770] âœ… SmartDashboard /agent/run passed
[2025-05-14 09:08:29.707770] ğŸ” Testing ASI /asi/generate-features...
[2025-05-14 09:08:31.772902] âœ… ASI /asi/generate-features passed
[2025-05-14 09:08:31.772902] ğŸ” Testing New Project /agent/run...
[2025-05-14 09:08:51.542968] âœ… New Project /agent/run passed
[2025-05-14 09:08:51.556752] ğŸ” Testing Super Agent /agent/run-script...
[2025-05-14 09:08:53.632016] âœ… Super Agent /agent/run-script passed
[2025-05-14 09:08:53.632016] ğŸ” Testing Memory Save /memory/save...
[2025-05-14 09:08:55.692807] âœ… Memory Save /memory/save passed
[2025-05-14 09:08:55.696909] ğŸ” Testing Memory Fetch /memory/memory_test...
[2025-05-14 09:08:57.739601] âœ… Memory Fetch /memory/memory_test passed
[2025-05-14 09:08:57.739601] ğŸ” Testing Deploy /agent/export...
[2025-05-14 09:08:59.792032] âœ… Deploy /agent/export passed
[2025-05-14 09:08:59.792032] âœ… Build Tab uses same backend as /agent/run â€” already tested.
[2025-05-14 09:08:59.792032] âœ… Manage Tab is frontend-only â€” review tested via UI.
[2025-05-14 09:08:59.792032] ğŸ All tests complete.
