[2025-05-14 08:59:32.563224] 🚀 Starting Super NARI full feature test suite...
[2025-05-14 08:59:32.563224] 🔍 Testing SmartDashboard /agent/run...
[2025-05-14 08:59:53.174719] ✅ SmartDashboard /agent/run passed
[2025-05-14 08:59:53.191401] 🔍 Testing ASI /asi/generate-features...
[2025-05-14 08:59:55.234538] ❌ ASI /asi/generate-features failed: ASI /asi/generate-features failed with status 404
[2025-05-14 08:59:55.234538] Traceback (most recent call last):
  File "C:\newnari\main\super_nari_full_test_suite.py", line 22, in test_feature
    assert res.status_code == 200, f"{name} failed with status {res.status_code}"
AssertionError: ASI /asi/generate-features failed with status 404

[2025-05-14 08:59:55.234538] 🔍 Testing New Project /agent/run...
[2025-05-14 09:00:12.202820] ✅ New Project /agent/run passed
[2025-05-14 09:00:12.202820] 🔍 Testing Super Agent /agent/run-script...
[2025-05-14 09:00:14.243794] ❌ Super Agent /agent/run-script failed: Super Agent /agent/run-script failed with status 404
[2025-05-14 09:00:14.243794] Traceback (most recent call last):
  File "C:\newnari\main\super_nari_full_test_suite.py", line 22, in test_feature
    assert res.status_code == 200, f"{name} failed with status {res.status_code}"
AssertionError: Super Agent /agent/run-script failed with status 404

[2025-05-14 09:00:14.243794] 🔍 Testing Memory Save /memory/save...
[2025-05-14 09:00:16.307500] ✅ Memory Save /memory/save passed
[2025-05-14 09:00:16.307500] 🔍 Testing Memory Fetch /memory/memory_test...
[2025-05-14 09:00:18.358101] ✅ Memory Fetch /memory/memory_test passed
[2025-05-14 09:00:18.358101] 🔍 Testing Deploy /agent/export...
[2025-05-14 09:00:20.412779] ❌ Deploy /agent/export failed: Deploy /agent/export failed with status 404
[2025-05-14 09:00:20.415014] Traceback (most recent call last):
  File "C:\newnari\main\super_nari_full_test_suite.py", line 22, in test_feature
    assert res.status_code == 200, f"{name} failed with status {res.status_code}"
AssertionError: Deploy /agent/export failed with status 404

[2025-05-14 09:00:20.415014] ✅ Build Tab uses same backend as /agent/run — already tested.
[2025-05-14 09:00:20.415014] ✅ Manage Tab is frontend-only — review tested via UI.
[2025-05-14 09:00:20.415014] 🏁 All tests complete.
[2025-05-14 09:08:12.289918] 🚀 Starting Super NARI full feature test suite...
[2025-05-14 09:08:12.289918] 🔍 Testing SmartDashboard /agent/run...
[2025-05-14 09:08:29.707770] ✅ SmartDashboard /agent/run passed
[2025-05-14 09:08:29.707770] 🔍 Testing ASI /asi/generate-features...
[2025-05-14 09:08:31.772902] ✅ ASI /asi/generate-features passed
[2025-05-14 09:08:31.772902] 🔍 Testing New Project /agent/run...
[2025-05-14 09:08:51.542968] ✅ New Project /agent/run passed
[2025-05-14 09:08:51.556752] 🔍 Testing Super Agent /agent/run-script...
[2025-05-14 09:08:53.632016] ✅ Super Agent /agent/run-script passed
[2025-05-14 09:08:53.632016] 🔍 Testing Memory Save /memory/save...
[2025-05-14 09:08:55.692807] ✅ Memory Save /memory/save passed
[2025-05-14 09:08:55.696909] 🔍 Testing Memory Fetch /memory/memory_test...
[2025-05-14 09:08:57.739601] ✅ Memory Fetch /memory/memory_test passed
[2025-05-14 09:08:57.739601] 🔍 Testing Deploy /agent/export...
[2025-05-14 09:08:59.792032] ✅ Deploy /agent/export passed
[2025-05-14 09:08:59.792032] ✅ Build Tab uses same backend as /agent/run — already tested.
[2025-05-14 09:08:59.792032] ✅ Manage Tab is frontend-only — review tested via UI.
[2025-05-14 09:08:59.792032] 🏁 All tests complete.
