[2025-05-14 08:33:02.746753] ğŸš€ Starting Super NARI agent system test suite...
[2025-05-14 08:33:02.746753] Testing /agent/run...
[2025-05-14 08:33:14.590854] âœ… /agent/run passed
[2025-05-14 08:33:14.590854] Testing /memory/save...
[2025-05-14 08:33:16.644230] âŒ /memory/save failed: Failed /memory/save
[2025-05-14 08:33:16.646740] Traceback (most recent call last):
  File "C:\newnari\main\super_nari_test_agent_fixed.py", line 41, in test_backend_api
    assert res.status_code == 200, "Failed /memory/save"
AssertionError: Failed /memory/save

[2025-05-14 08:33:16.646740] Testing /memory/test_project fetch...
[2025-05-14 08:33:18.696321] âŒ /memory/test_project fetch failed: Failed /memory/test_project
[2025-05-14 08:33:18.696321] Traceback (most recent call last):
  File "C:\newnari\main\super_nari_test_agent_fixed.py", line 50, in test_backend_api
    assert res.status_code == 200, "Failed /memory/test_project"
AssertionError: Failed /memory/test_project

[2025-05-14 08:33:18.696321] Checking Python version...
[2025-05-14 08:33:18.712077] âœ… Python: Python 3.10.0
[2025-05-14 08:33:18.786027] âœ… Node: v22.15.0
[2025-05-14 08:33:18.788632] âŒ go runtime check failed: [WinError 2] The system cannot find the file specified
[2025-05-14 08:33:18.790639] âŒ java runtime check failed: [WinError 2] The system cannot find the file specified
[2025-05-14 08:33:18.790639] ğŸ Test suite complete.
[2025-05-14 08:38:55.675356] ğŸš€ Starting Super NARI agent system test suite...
[2025-05-14 08:38:55.675356] Testing /agent/run...
[2025-05-14 08:39:08.436015] âœ… /agent/run passed
[2025-05-14 08:39:08.436015] Testing /memory/save...
[2025-05-14 08:39:10.471170] âœ… /memory/save passed
[2025-05-14 08:39:10.471170] Testing /memory/test_project fetch...
[2025-05-14 08:39:12.518255] âœ… /memory/test_project fetch passed
[2025-05-14 08:39:12.518255] Checking Python version...
[2025-05-14 08:39:12.535656] âœ… Python: Python 3.10.0
[2025-05-14 08:39:12.560967] âœ… Node: v22.15.0
[2025-05-14 08:39:12.560967] âŒ go runtime check failed: [WinError 2] The system cannot find the file specified
[2025-05-14 08:39:12.565455] âŒ java runtime check failed: [WinError 2] The system cannot find the file specified
[2025-05-14 08:39:12.566123] ğŸ Test suite complete.
